The MPI test test_mpi for C in mode normal failed to compile with the following output:
Change Dir: C:/Users/micha/Documents/Masters Capstone/exact/out/build/x64-Debug/CMakeFiles/CMakeTmp

Run Build Command(s):C:/Program Files (x86)/Microsoft Visual Studio/2019/Community/Common7/IDE/CommonExtensions/Microsoft/CMake/Ninja/ninja.exe cmTC_4acd6 && [1/2] Building C object CMakeFiles\cmTC_4acd6.dir\test_mpi.c.obj
FAILED: CMakeFiles/cmTC_4acd6.dir/test_mpi.c.obj 
C:\PROGRA~2\MICROS~4\2019\COMMUN~1\VC\Tools\MSVC\1429~1.301\bin\Hostx64\x64\cl.exe  /nologo   /DWIN32 /D_WINDOWS /W3  /MDd /Zi /Ob0 /Od /RTC1 /showIncludes /FoCMakeFiles\cmTC_4acd6.dir\test_mpi.c.obj /FdCMakeFiles\cmTC_4acd6.dir\ /FS -c "C:\Program Files (x86)\Microsoft Visual Studio\2019\Community\Common7\IDE\CommonExtensions\Microsoft\CMake\CMake\share\cmake-3.20\Modules\FindMPI\test_mpi.c"
C:\Program Files (x86)\Microsoft Visual Studio\2019\Community\Common7\IDE\CommonExtensions\Microsoft\CMake\CMake\share\cmake-3.20\Modules\FindMPI\test_mpi.c(1): fatal error C1083: Cannot open include file: 'mpi.h': No such file or directory
ninja: build stopped: subcommand failed.



The MPI test test_mpi for CXX in mode normal failed to compile with the following output:
Change Dir: C:/Users/micha/Documents/Masters Capstone/exact/out/build/x64-Debug/CMakeFiles/CMakeTmp

Run Build Command(s):C:/Program Files (x86)/Microsoft Visual Studio/2019/Community/Common7/IDE/CommonExtensions/Microsoft/CMake/Ninja/ninja.exe cmTC_d41dc && [1/2] Building CXX object CMakeFiles\cmTC_d41dc.dir\test_mpi.cpp.obj
FAILED: CMakeFiles/cmTC_d41dc.dir/test_mpi.cpp.obj 
C:\PROGRA~2\MICROS~4\2019\COMMUN~1\VC\Tools\MSVC\1429~1.301\bin\Hostx64\x64\cl.exe  /nologo /TP   -std=c++17 -Wall -O3 -funroll-loops -msse3  /MDd /Zi /Ob0 /Od /RTC1 /showIncludes /FoCMakeFiles\cmTC_d41dc.dir\test_mpi.cpp.obj /FdCMakeFiles\cmTC_d41dc.dir\ /FS -c "C:\Users\micha\Documents\Masters Capstone\exact\out\build\x64-Debug\CMakeFiles\FindMPI\test_mpi.cpp"
cl : Command line warning D9002 : ignoring unknown option '-std=c++17'
cl : Command line warning D9002 : ignoring unknown option '-O3'
cl : Command line warning D9002 : ignoring unknown option '-funroll-loops'
cl : Command line warning D9002 : ignoring unknown option '-msse3'
C:\Users\micha\Documents\Masters Capstone\exact\out\build\x64-Debug\CMakeFiles\FindMPI\test_mpi.cpp(1): fatal error C1083: Cannot open include file: 'mpi.h': No such file or directory
ninja: build stopped: subcommand failed.



The MPI test test_mpi for C in mode normal failed to compile with the following output:
Change Dir: C:/Users/micha/Documents/Masters Capstone/exact/out/build/x64-Debug/CMakeFiles/CMakeTmp

Run Build Command(s):C:/Program Files (x86)/Microsoft Visual Studio/2019/Community/Common7/IDE/CommonExtensions/Microsoft/CMake/Ninja/ninja.exe cmTC_e8c75 && [1/2] Building C object CMakeFiles\cmTC_e8c75.dir\test_mpi.c.obj
FAILED: CMakeFiles/cmTC_e8c75.dir/test_mpi.c.obj 
C:\PROGRA~2\MICROS~4\2019\COMMUN~1\VC\Tools\MSVC\1429~1.301\bin\Hostx64\x64\cl.exe  /nologo   /DWIN32 /D_WINDOWS /W3  /MDd /Zi /Ob0 /Od /RTC1 /showIncludes /FoCMakeFiles\cmTC_e8c75.dir\test_mpi.c.obj /FdCMakeFiles\cmTC_e8c75.dir\ /FS -c "C:\Program Files (x86)\Microsoft Visual Studio\2019\Community\Common7\IDE\CommonExtensions\Microsoft\CMake\CMake\share\cmake-3.20\Modules\FindMPI\test_mpi.c"
C:\Program Files (x86)\Microsoft Visual Studio\2019\Community\Common7\IDE\CommonExtensions\Microsoft\CMake\CMake\share\cmake-3.20\Modules\FindMPI\test_mpi.c(1): fatal error C1083: Cannot open include file: 'mpi.h': No such file or directory
ninja: build stopped: subcommand failed.



The MPI test test_mpi for CXX in mode normal failed to compile with the following output:
Change Dir: C:/Users/micha/Documents/Masters Capstone/exact/out/build/x64-Debug/CMakeFiles/CMakeTmp

Run Build Command(s):C:/Program Files (x86)/Microsoft Visual Studio/2019/Community/Common7/IDE/CommonExtensions/Microsoft/CMake/Ninja/ninja.exe cmTC_4f3fa && [1/2] Building CXX object CMakeFiles\cmTC_4f3fa.dir\test_mpi.cpp.obj
FAILED: CMakeFiles/cmTC_4f3fa.dir/test_mpi.cpp.obj 
C:\PROGRA~2\MICROS~4\2019\COMMUN~1\VC\Tools\MSVC\1429~1.301\bin\Hostx64\x64\cl.exe  /nologo /TP   -std=c++17 -Wall -O3 -funroll-loops -msse3  /MDd /Zi /Ob0 /Od /RTC1 /showIncludes /FoCMakeFiles\cmTC_4f3fa.dir\test_mpi.cpp.obj /FdCMakeFiles\cmTC_4f3fa.dir\ /FS -c "C:\Users\micha\Documents\Masters Capstone\exact\out\build\x64-Debug\CMakeFiles\FindMPI\test_mpi.cpp"
cl : Command line warning D9002 : ignoring unknown option '-std=c++17'
cl : Command line warning D9002 : ignoring unknown option '-O3'
cl : Command line warning D9002 : ignoring unknown option '-funroll-loops'
cl : Command line warning D9002 : ignoring unknown option '-msse3'
C:\Users\micha\Documents\Masters Capstone\exact\out\build\x64-Debug\CMakeFiles\FindMPI\test_mpi.cpp(1): fatal error C1083: Cannot open include file: 'mpi.h': No such file or directory
ninja: build stopped: subcommand failed.



